Performing C++ SOURCE FILE Test COMPILER_SUPPORT_Wshorten64to32 failed with the following output:
Change Dir: /home/blake/Programming/Projects/QuantumCircuitSimulator/build/CMakeFiles/CMakeTmp

Run Build Command(s):/usr/bin/make cmTC_45e11/fast && /usr/bin/make -f CMakeFiles/cmTC_45e11.dir/build.make CMakeFiles/cmTC_45e11.dir/build
make[1]: Entering directory '/home/blake/Programming/Projects/QuantumCircuitSimulator/build/CMakeFiles/CMakeTmp'
Building CXX object CMakeFiles/cmTC_45e11.dir/src.cxx.o
/usr/bin/c++    -std=c++03 -pedantic -Wall -Wextra -Wundef -Wcast-align -Wchar-subscripts -Wnon-virtual-dtor -Wunused-local-typedefs -Wpointer-arith -Wwrite-strings -Wformat-security -DCOMPILER_SUPPORT_Wshorten64to32 -Werror   -Wshorten-64-to-32 -o CMakeFiles/cmTC_45e11.dir/src.cxx.o -c /home/blake/Programming/Projects/QuantumCircuitSimulator/build/CMakeFiles/CMakeTmp/src.cxx
c++: error: unrecognized command line option '-Wshorten-64-to-32'
make[1]: *** [CMakeFiles/cmTC_45e11.dir/build.make:66: CMakeFiles/cmTC_45e11.dir/src.cxx.o] Error 1
make[1]: Leaving directory '/home/blake/Programming/Projects/QuantumCircuitSimulator/build/CMakeFiles/CMakeTmp'
make: *** [Makefile:121: cmTC_45e11/fast] Error 2


Source file was:
int main() { return 0; }
Performing C++ SOURCE FILE Test COMPILER_SUPPORT_Wenumconversion failed with the following output:
Change Dir: /home/blake/Programming/Projects/QuantumCircuitSimulator/build/CMakeFiles/CMakeTmp

Run Build Command(s):/usr/bin/make cmTC_ec603/fast && /usr/bin/make -f CMakeFiles/cmTC_ec603.dir/build.make CMakeFiles/cmTC_ec603.dir/build
make[1]: Entering directory '/home/blake/Programming/Projects/QuantumCircuitSimulator/build/CMakeFiles/CMakeTmp'
Building CXX object CMakeFiles/cmTC_ec603.dir/src.cxx.o
/usr/bin/c++    -std=c++03 -pedantic -Wall -Wextra -Wundef -Wcast-align -Wchar-subscripts -Wnon-virtual-dtor -Wunused-local-typedefs -Wpointer-arith -Wwrite-strings -Wformat-security -Wlogical-op -DCOMPILER_SUPPORT_Wenumconversion -Werror   -Wenum-conversion -o CMakeFiles/cmTC_ec603.dir/src.cxx.o -c /home/blake/Programming/Projects/QuantumCircuitSimulator/build/CMakeFiles/CMakeTmp/src.cxx
c++: error: unrecognized command line option '-Wenum-conversion'; did you mean '-Wno-conversion'?
make[1]: *** [CMakeFiles/cmTC_ec603.dir/build.make:66: CMakeFiles/cmTC_ec603.dir/src.cxx.o] Error 1
make[1]: Leaving directory '/home/blake/Programming/Projects/QuantumCircuitSimulator/build/CMakeFiles/CMakeTmp'
make: *** [Makefile:121: cmTC_ec603/fast] Error 2


Source file was:
int main() { return 0; }
Performing C++ SOURCE FILE Test COMPILER_SUPPORT_Wcpp11extensions failed with the following output:
Change Dir: /home/blake/Programming/Projects/QuantumCircuitSimulator/build/CMakeFiles/CMakeTmp

Run Build Command(s):/usr/bin/make cmTC_a802f/fast && /usr/bin/make -f CMakeFiles/cmTC_a802f.dir/build.make CMakeFiles/cmTC_a802f.dir/build
make[1]: Entering directory '/home/blake/Programming/Projects/QuantumCircuitSimulator/build/CMakeFiles/CMakeTmp'
Building CXX object CMakeFiles/cmTC_a802f.dir/src.cxx.o
/usr/bin/c++    -std=c++03 -pedantic -Wall -Wextra -Wundef -Wcast-align -Wchar-subscripts -Wnon-virtual-dtor -Wunused-local-typedefs -Wpointer-arith -Wwrite-strings -Wformat-security -Wlogical-op -DCOMPILER_SUPPORT_Wcpp11extensions -Werror   -Wc++11-extensions -o CMakeFiles/cmTC_a802f.dir/src.cxx.o -c /home/blake/Programming/Projects/QuantumCircuitSimulator/build/CMakeFiles/CMakeTmp/src.cxx
c++: error: unrecognized command line option '-Wc++11-extensions'; did you mean '-fms-extensions'?
make[1]: *** [CMakeFiles/cmTC_a802f.dir/build.make:66: CMakeFiles/cmTC_a802f.dir/src.cxx.o] Error 1
make[1]: Leaving directory '/home/blake/Programming/Projects/QuantumCircuitSimulator/build/CMakeFiles/CMakeTmp'
make: *** [Makefile:121: cmTC_a802f/fast] Error 2


Source file was:
int main() { return 0; }
Performing C++ SOURCE FILE Test COMPILER_SUPPORT_wd981 failed with the following output:
Change Dir: /home/blake/Programming/Projects/QuantumCircuitSimulator/build/CMakeFiles/CMakeTmp

Run Build Command(s):/usr/bin/make cmTC_0f3f2/fast && /usr/bin/make -f CMakeFiles/cmTC_0f3f2.dir/build.make CMakeFiles/cmTC_0f3f2.dir/build
make[1]: Entering directory '/home/blake/Programming/Projects/QuantumCircuitSimulator/build/CMakeFiles/CMakeTmp'
Building CXX object CMakeFiles/cmTC_0f3f2.dir/src.cxx.o
/usr/bin/c++    -std=c++03 -pedantic -Wall -Wextra -Wundef -Wcast-align -Wchar-subscripts -Wnon-virtual-dtor -Wunused-local-typedefs -Wpointer-arith -Wwrite-strings -Wformat-security -Wlogical-op -Wdouble-promotion -Wno-psabi -Wno-variadic-macros -Wno-long-long -fno-check-new -fno-common -fstrict-aliasing -DCOMPILER_SUPPORT_wd981 -Werror   -wd981 -o CMakeFiles/cmTC_0f3f2.dir/src.cxx.o -c /home/blake/Programming/Projects/QuantumCircuitSimulator/build/CMakeFiles/CMakeTmp/src.cxx
c++: error: unrecognized command line option '-wd981'
make[1]: *** [CMakeFiles/cmTC_0f3f2.dir/build.make:66: CMakeFiles/cmTC_0f3f2.dir/src.cxx.o] Error 1
make[1]: Leaving directory '/home/blake/Programming/Projects/QuantumCircuitSimulator/build/CMakeFiles/CMakeTmp'
make: *** [Makefile:121: cmTC_0f3f2/fast] Error 2


Source file was:
int main() { return 0; }
Performing C++ SOURCE FILE Test COMPILER_SUPPORT_wd2304 failed with the following output:
Change Dir: /home/blake/Programming/Projects/QuantumCircuitSimulator/build/CMakeFiles/CMakeTmp

Run Build Command(s):/usr/bin/make cmTC_c4068/fast && /usr/bin/make -f CMakeFiles/cmTC_c4068.dir/build.make CMakeFiles/cmTC_c4068.dir/build
make[1]: Entering directory '/home/blake/Programming/Projects/QuantumCircuitSimulator/build/CMakeFiles/CMakeTmp'
Building CXX object CMakeFiles/cmTC_c4068.dir/src.cxx.o
/usr/bin/c++    -std=c++03 -pedantic -Wall -Wextra -Wundef -Wcast-align -Wchar-subscripts -Wnon-virtual-dtor -Wunused-local-typedefs -Wpointer-arith -Wwrite-strings -Wformat-security -Wlogical-op -Wdouble-promotion -Wno-psabi -Wno-variadic-macros -Wno-long-long -fno-check-new -fno-common -fstrict-aliasing -DCOMPILER_SUPPORT_wd2304 -Werror   -wd2304 -o CMakeFiles/cmTC_c4068.dir/src.cxx.o -c /home/blake/Programming/Projects/QuantumCircuitSimulator/build/CMakeFiles/CMakeTmp/src.cxx
c++: error: unrecognized command line option '-wd2304'
make[1]: *** [CMakeFiles/cmTC_c4068.dir/build.make:66: CMakeFiles/cmTC_c4068.dir/src.cxx.o] Error 1
make[1]: Leaving directory '/home/blake/Programming/Projects/QuantumCircuitSimulator/build/CMakeFiles/CMakeTmp'
make: *** [Makefile:121: cmTC_c4068/fast] Error 2


Source file was:
int main() { return 0; }
Performing C++ SOURCE FILE Test COMPILER_SUPPORT_STRICTANSI failed with the following output:
Change Dir: /home/blake/Programming/Projects/QuantumCircuitSimulator/build/CMakeFiles/CMakeTmp

Run Build Command(s):/usr/bin/make cmTC_d8fe2/fast && /usr/bin/make -f CMakeFiles/cmTC_d8fe2.dir/build.make CMakeFiles/cmTC_d8fe2.dir/build
make[1]: Entering directory '/home/blake/Programming/Projects/QuantumCircuitSimulator/build/CMakeFiles/CMakeTmp'
Building CXX object CMakeFiles/cmTC_d8fe2.dir/src.cxx.o
/usr/bin/c++    -std=c++03 -pedantic -Wall -Wextra -Wundef -Wcast-align -Wchar-subscripts -Wnon-virtual-dtor -Wunused-local-typedefs -Wpointer-arith -Wwrite-strings -Wformat-security -Wlogical-op -Wdouble-promotion -Wno-psabi -Wno-variadic-macros -Wno-long-long -fno-check-new -fno-common -fstrict-aliasing -DCOMPILER_SUPPORT_STRICTANSI -Werror   -strict-ansi -o CMakeFiles/cmTC_d8fe2.dir/src.cxx.o -c /home/blake/Programming/Projects/QuantumCircuitSimulator/build/CMakeFiles/CMakeTmp/src.cxx
c++: error: unrecognized command line option '-strict-ansi'; did you mean '-fstrict-enums'?
make[1]: *** [CMakeFiles/cmTC_d8fe2.dir/build.make:66: CMakeFiles/cmTC_d8fe2.dir/src.cxx.o] Error 1
make[1]: Leaving directory '/home/blake/Programming/Projects/QuantumCircuitSimulator/build/CMakeFiles/CMakeTmp'
make: *** [Makefile:121: cmTC_d8fe2/fast] Error 2


Source file was:
int main() { return 0; }
Performing C++ SOURCE FILE Test COMPILER_SUPPORT_Qunusedarguments failed with the following output:
Change Dir: /home/blake/Programming/Projects/QuantumCircuitSimulator/build/CMakeFiles/CMakeTmp

Run Build Command(s):/usr/bin/make cmTC_08753/fast && /usr/bin/make -f CMakeFiles/cmTC_08753.dir/build.make CMakeFiles/cmTC_08753.dir/build
make[1]: Entering directory '/home/blake/Programming/Projects/QuantumCircuitSimulator/build/CMakeFiles/CMakeTmp'
Building CXX object CMakeFiles/cmTC_08753.dir/src.cxx.o
/usr/bin/c++    -std=c++03 -pedantic -Wall -Wextra -Wundef -Wcast-align -Wchar-subscripts -Wnon-virtual-dtor -Wunused-local-typedefs -Wpointer-arith -Wwrite-strings -Wformat-security -Wlogical-op -Wdouble-promotion -Wno-psabi -Wno-variadic-macros -Wno-long-long -fno-check-new -fno-common -fstrict-aliasing -DCOMPILER_SUPPORT_Qunusedarguments -Werror   -Qunused-arguments -o CMakeFiles/cmTC_08753.dir/src.cxx.o -c /home/blake/Programming/Projects/QuantumCircuitSimulator/build/CMakeFiles/CMakeTmp/src.cxx
c++: error: unrecognized command line option '-Qunused-arguments'
make[1]: *** [CMakeFiles/cmTC_08753.dir/build.make:66: CMakeFiles/cmTC_08753.dir/src.cxx.o] Error 1
make[1]: Leaving directory '/home/blake/Programming/Projects/QuantumCircuitSimulator/build/CMakeFiles/CMakeTmp'
make: *** [Makefile:121: cmTC_08753/fast] Error 2


Source file was:
int main() { return 0; }
Performing C SOURCE FILE Test CMAKE_HAVE_LIBC_PTHREAD failed with the following output:
Change Dir: /home/blake/Programming/Projects/QuantumCircuitSimulator/build/CMakeFiles/CMakeTmp

Run Build Command(s):/usr/bin/make cmTC_af385/fast && /usr/bin/make -f CMakeFiles/cmTC_af385.dir/build.make CMakeFiles/cmTC_af385.dir/build
make[1]: Entering directory '/home/blake/Programming/Projects/QuantumCircuitSimulator/build/CMakeFiles/CMakeTmp'
Building C object CMakeFiles/cmTC_af385.dir/src.c.o
/usr/bin/cc   -DCMAKE_HAVE_LIBC_PTHREAD   -o CMakeFiles/cmTC_af385.dir/src.c.o   -c /home/blake/Programming/Projects/QuantumCircuitSimulator/build/CMakeFiles/CMakeTmp/src.c
Linking C executable cmTC_af385
/usr/bin/cmake -E cmake_link_script CMakeFiles/cmTC_af385.dir/link.txt --verbose=1
/usr/bin/cc  -DCMAKE_HAVE_LIBC_PTHREAD    -rdynamic CMakeFiles/cmTC_af385.dir/src.c.o  -o cmTC_af385 
/usr/bin/ld: CMakeFiles/cmTC_af385.dir/src.c.o: in function `main':
src.c:(.text+0x3e): undefined reference to `pthread_create'
/usr/bin/ld: src.c:(.text+0x4a): undefined reference to `pthread_detach'
/usr/bin/ld: src.c:(.text+0x5b): undefined reference to `pthread_join'
collect2: error: ld returned 1 exit status
make[1]: *** [CMakeFiles/cmTC_af385.dir/build.make:87: cmTC_af385] Error 1
make[1]: Leaving directory '/home/blake/Programming/Projects/QuantumCircuitSimulator/build/CMakeFiles/CMakeTmp'
make: *** [Makefile:121: cmTC_af385/fast] Error 2


Source file was:
#include <pthread.h>

void* test_func(void* data)
{
  return data;
}

int main(void)
{
  pthread_t thread;
  pthread_create(&thread, NULL, test_func, NULL);
  pthread_detach(thread);
  pthread_join(thread, NULL);
  pthread_atfork(NULL, NULL, NULL);
  pthread_exit(NULL);

  return 0;
}

Determining if the function pthread_create exists in the pthreads failed with the following output:
Change Dir: /home/blake/Programming/Projects/QuantumCircuitSimulator/build/CMakeFiles/CMakeTmp

Run Build Command(s):/usr/bin/make cmTC_35229/fast && /usr/bin/make -f CMakeFiles/cmTC_35229.dir/build.make CMakeFiles/cmTC_35229.dir/build
make[1]: Entering directory '/home/blake/Programming/Projects/QuantumCircuitSimulator/build/CMakeFiles/CMakeTmp'
Building C object CMakeFiles/cmTC_35229.dir/CheckFunctionExists.c.o
/usr/bin/cc   -DCHECK_FUNCTION_EXISTS=pthread_create   -o CMakeFiles/cmTC_35229.dir/CheckFunctionExists.c.o   -c /usr/share/cmake-3.16/Modules/CheckFunctionExists.c
Linking C executable cmTC_35229
/usr/bin/cmake -E cmake_link_script CMakeFiles/cmTC_35229.dir/link.txt --verbose=1
/usr/bin/cc  -DCHECK_FUNCTION_EXISTS=pthread_create    -rdynamic CMakeFiles/cmTC_35229.dir/CheckFunctionExists.c.o  -o cmTC_35229  -lpthreads 
/usr/bin/ld: cannot find -lpthreads
collect2: error: ld returned 1 exit status
make[1]: *** [CMakeFiles/cmTC_35229.dir/build.make:87: cmTC_35229] Error 1
make[1]: Leaving directory '/home/blake/Programming/Projects/QuantumCircuitSimulator/build/CMakeFiles/CMakeTmp'
make: *** [Makefile:121: cmTC_35229/fast] Error 2



